2025-10-17 12:37:40 [@ba4da69fa98b]
Внутренний #1: Запуск contract
2025-10-17 12:38:01 [@ba4da69fa98b]
External #1: Launch PurgeLogs
2025-10-17 12:38:01 [@ba4da69fa98b]
External #2: Launch checkAllUpdates
2025-10-17 12:38:01 [@ba4da69fa98b]
External #3: Launch DomainsAlert
2025-10-17 12:38:01 [@ba4da69fa98b]
External #4: Launch cleanorphans
2025-10-17 12:38:01 [@ba4da69fa98b]
External #5: Launch pendingreason_autobump_autosolve
2025-10-17 12:39:02 [@ba4da69fa98b]
External #1: Launch Cleanoldagents
2025-10-17 12:40:01 [@ba4da69fa98b]
External #1: Nothing to launch
2025-10-17 12:41:02 [@ba4da69fa98b]
External #1: Nothing to launch
2025-10-17 12:42:01 [@ba4da69fa98b]
External #1: Nothing to launch
2025-10-17 12:43:01 [@ba4da69fa98b]
External #1: Nothing to launch
2025-10-17 12:43:59 [2@ba4da69fa98b]
Internal #1: Launch infocom
2025-10-17 12:44:02 [@ba4da69fa98b]
External #1: Nothing to launch
2025-10-17 12:45:01 [@ba4da69fa98b]
External #1: Launch taskscheduler
2025-10-17 12:45:01 [@ba4da69fa98b]
External #2: Launch cleantaskjob
2025-10-17 12:45:01 [@ba4da69fa98b]
External #3: Launch wakeupAgents
2025-10-17 12:45:01 [@ba4da69fa98b]
External #4: Launch cleanondemand
2025-10-17 12:48:06 [@ba4da69fa98b]
External #1: Launch taskscheduler
2025-10-17 12:48:06 [@ba4da69fa98b]
External #2: Launch wakeupAgents
2025-10-17 12:48:06 [@ba4da69fa98b]
External #1: Nothing to launch
2025-10-17 12:48:07 [@ba4da69fa98b]
External #1: Nothing to launch
2025-10-17 12:49:03 [@ba4da69fa98b]
External #1: Launch taskscheduler
2025-10-17 12:49:03 [@ba4da69fa98b]
External #1: Nothing to launch
2025-10-17 12:50:02 [@ba4da69fa98b]
External #1: Launch taskscheduler
2025-10-17 12:50:02 [@ba4da69fa98b]
External #2: Launch wakeupAgents
2025-10-17 12:49:00 [@ba4da69fa98b]
External #1: Nothing to launch
2025-10-17 12:51:05 [@ba4da69fa98b]
External #1: Launch taskscheduler
2025-10-17 12:51:05 [@ba4da69fa98b]
External #1: Nothing to launch
