2025-10-17 12:43:57 [2@ba4da69fa98b]
0 seconds for "Installing glpi_plugin_fields_containers"
2025-10-17 12:43:57 [2@ba4da69fa98b]
0 seconds for "Installing glpi_plugin_fields_containerdisplayconditions"
2025-10-17 12:43:57 [2@ba4da69fa98b]
0 seconds for "Installing glpi_plugin_fields_fields"
2025-10-17 12:43:57 [2@ba4da69fa98b]
0 seconds for "Updating glpi_plugin_fields_fields"
2025-10-17 12:43:57 [2@ba4da69fa98b]
0 seconds for "Installing glpi_plugin_fields_labeltranslations"
2025-10-17 12:43:57 [2@ba4da69fa98b]
0 seconds for "Installing glpi_plugin_fields_profiles"
2025-10-17 12:43:57 [2@ba4da69fa98b]
0 seconds for "Installing glpi_plugin_fields_statusoverrides"
2025-10-17 12:43:57 [2@ba4da69fa98b]
0 seconds for "Change of the database layout - glpi_plugin_fields_fields"
2025-10-17 12:43:57 [2@ba4da69fa98b]
0 seconds for "Configuration values added for stable_search_options (plugin:fields)."
2025-10-17 12:43:57 [2@ba4da69fa98b]
0 seconds for "Task completed."
2025-10-17 12:43:57 [2@ba4da69fa98b]
0 seconds for "Regenerate containers files"
2025-10-17 12:43:57 [2@ba4da69fa98b]
0 seconds for "Task completed."
2025-10-17 12:43:57 [2@ba4da69fa98b]
0 seconds for "Updating generated containers files"
2025-10-17 12:43:57 [2@ba4da69fa98b]
0 seconds for "Task completed."
2025-10-17 12:43:57 [2@ba4da69fa98b]
0 seconds for "Updating generated dropdown files"
